0 info it worked if it ends with ok
1 verbose cli [ '/Users/mrichetto/.nvm/versions/node/v6.10.3/bin/node',
1 verbose cli   '/Users/mrichetto/.nvm/versions/node/v6.10.3/bin/npm',
1 verbose cli   'run',
1 verbose cli   'oc:publish' ]
2 info using npm@3.10.10
3 info using node@v6.10.3
4 verbose run-script [ 'preoc:publish', 'oc:publish', 'postoc:publish' ]
5 info lifecycle green-gorilla@1.0.0~preoc:publish: green-gorilla@1.0.0
6 silly lifecycle green-gorilla@1.0.0~preoc:publish: no script for preoc:publish, continuing
7 info lifecycle green-gorilla@1.0.0~oc:publish: green-gorilla@1.0.0
8 verbose lifecycle green-gorilla@1.0.0~oc:publish: unsafe-perm in lifecycle true
9 verbose lifecycle green-gorilla@1.0.0~oc:publish: PATH: /Users/mrichetto/.nvm/versions/node/v6.10.3/lib/node_modules/npm/bin/node-gyp-bin:/Users/mrichetto/projects/green-gorilla/node_modules/.bin:/Users/mrichetto/.nvm/versions/node/v6.10.3/bin:/usr/local/bin:/usr/bin:/bin:/usr/sbin:/sbin:/usr/local/MacGPG2/bin:/Applications/Wireshark.app/Contents/MacOS
10 verbose lifecycle green-gorilla@1.0.0~oc:publish: CWD: /Users/mrichetto/projects/green-gorilla
11 silly lifecycle green-gorilla@1.0.0~oc:publish: Args: [ '-c', 'oc publish packages/oc-green-gorilla-app' ]
12 silly lifecycle green-gorilla@1.0.0~oc:publish: Returned: code: 1  signal: null
13 info lifecycle green-gorilla@1.0.0~oc:publish: Failed to exec oc:publish script
14 verbose stack Error: green-gorilla@1.0.0 oc:publish: `oc publish packages/oc-green-gorilla-app`
14 verbose stack Exit status 1
14 verbose stack     at EventEmitter.<anonymous> (/Users/mrichetto/.nvm/versions/node/v6.10.3/lib/node_modules/npm/lib/utils/lifecycle.js:255:16)
14 verbose stack     at emitTwo (events.js:106:13)
14 verbose stack     at EventEmitter.emit (events.js:191:7)
14 verbose stack     at ChildProcess.<anonymous> (/Users/mrichetto/.nvm/versions/node/v6.10.3/lib/node_modules/npm/lib/utils/spawn.js:40:14)
14 verbose stack     at emitTwo (events.js:106:13)
14 verbose stack     at ChildProcess.emit (events.js:191:7)
14 verbose stack     at maybeClose (internal/child_process.js:886:16)
14 verbose stack     at Process.ChildProcess._handle.onexit (internal/child_process.js:226:5)
15 verbose pkgid green-gorilla@1.0.0
16 verbose cwd /Users/mrichetto/projects/green-gorilla
17 error Darwin 16.6.0
18 error argv "/Users/mrichetto/.nvm/versions/node/v6.10.3/bin/node" "/Users/mrichetto/.nvm/versions/node/v6.10.3/bin/npm" "run" "oc:publish"
19 error node v6.10.3
20 error npm  v3.10.10
21 error code ELIFECYCLE
22 error green-gorilla@1.0.0 oc:publish: `oc publish packages/oc-green-gorilla-app`
22 error Exit status 1
23 error Failed at the green-gorilla@1.0.0 oc:publish script 'oc publish packages/oc-green-gorilla-app'.
23 error Make sure you have the latest version of node.js and npm installed.
23 error If you do, this is most likely a problem with the green-gorilla package,
23 error not with npm itself.
23 error Tell the author that this fails on your system:
23 error     oc publish packages/oc-green-gorilla-app
23 error You can get information on how to open an issue for this project with:
23 error     npm bugs green-gorilla
23 error Or if that isn't available, you can get their info via:
23 error     npm owner ls green-gorilla
23 error There is likely additional logging output above.
24 verbose exit [ 1, true ]
